01:06:39.417 [main] INFO  api.test.UserTests - ****************Creating User****************
01:06:42.522 [main] INFO  api.test.UserTests - ****************User is Created****************
01:06:42.573 [main] INFO  api.test.UserTests - ****************Reading User Info****************
01:06:43.953 [main] INFO  api.test.UserTests - ****************User info is displayed****************
01:06:43.965 [main] INFO  api.test.UserTests - ****************Updating User Info****************
01:06:46.945 [main] INFO  api.test.UserTests - ****************User Info is Updated****************
01:06:46.956 [main] INFO  api.test.UserTests - ****************Deleting User Info****************
01:06:48.354 [main] INFO  api.test.UserTests - ****************User Info is Deleted****************
00:58:15.157 [main] INFO  api.test.UserTests2 - ****************Creating User****************
00:58:18.376 [main] INFO  api.test.UserTests2 - ****************User is Created****************
00:58:18.418 [main] INFO  api.test.UserTests2 - ****************Reading User Info****************
00:58:19.984 [main] INFO  api.test.UserTests2 - ****************User info is displayed****************
00:58:20.000 [main] INFO  api.test.UserTests2 - ****************Updating User Info****************
00:58:22.633 [main] INFO  api.test.UserTests2 - ****************User Info is Updated****************
00:58:22.646 [main] INFO  api.test.UserTests2 - ****************Deleting User Info****************
00:58:24.079 [main] INFO  api.test.UserTests2 - ****************User Info is Deleted****************
01:23:57.088 [main] INFO  api.test.UserTests - ****************Creating User****************
01:23:58.311 [main] INFO  api.test.UserTests - ****************User is Created****************
01:23:58.314 [main] INFO  api.test.UserTests - ****************Reading User Info****************
01:23:59.513 [main] INFO  api.test.UserTests - ****************User info is displayed****************
01:23:59.517 [main] INFO  api.test.UserTests - ****************Updating User Info****************
01:24:01.850 [main] INFO  api.test.UserTests - ****************User Info is Updated****************
01:24:01.855 [main] INFO  api.test.UserTests - ****************Deleting User Info****************
01:24:03.064 [main] INFO  api.test.UserTests - ****************User Info is Deleted****************
01:28:58.648 [main] INFO  api.test.UserTests - ****************Creating User****************
01:28:59.928 [main] INFO  api.test.UserTests - ****************User is Created****************
01:28:59.933 [main] INFO  api.test.UserTests - ****************Reading User Info****************
01:29:01.165 [main] INFO  api.test.UserTests - ****************User info is displayed****************
01:29:01.169 [main] INFO  api.test.UserTests - ****************Updating User Info****************
01:29:03.400 [main] INFO  api.test.UserTests - ****************User Info is Updated****************
01:29:03.405 [main] INFO  api.test.UserTests - ****************Deleting User Info****************
01:29:04.630 [main] INFO  api.test.UserTests - ****************User Info is Deleted****************
01:30:57.546 [main] INFO  api.test.UserTests - ****************Creating User****************
01:30:58.716 [main] INFO  api.test.UserTests - ****************User is Created****************
01:30:58.719 [main] INFO  api.test.UserTests - ****************Reading User Info****************
01:30:59.944 [main] INFO  api.test.UserTests - ****************User info is displayed****************
01:30:59.947 [main] INFO  api.test.UserTests - ****************Updating User Info****************
01:31:02.219 [main] INFO  api.test.UserTests - ****************User Info is Updated****************
01:31:02.223 [main] INFO  api.test.UserTests - ****************Deleting User Info****************
01:31:03.377 [main] INFO  api.test.UserTests - ****************User Info is Deleted****************
01:53:05.123 [main] INFO  api.test.UserTests - ****************Creating User****************
01:53:06.313 [main] INFO  api.test.UserTests - ****************User is Created****************
01:53:06.317 [main] INFO  api.test.UserTests - ****************Reading User Info****************
01:53:07.457 [main] INFO  api.test.UserTests - ****************User info is displayed****************
01:53:07.460 [main] INFO  api.test.UserTests - ****************Updating User Info****************
01:53:09.802 [main] INFO  api.test.UserTests - ****************User Info is Updated****************
01:53:09.806 [main] INFO  api.test.UserTests - ****************Deleting User Info****************
01:53:10.928 [main] INFO  api.test.UserTests - ****************User Info is Deleted****************
01:55:37.012 [main] INFO  api.test.UserTests - ****************Creating User****************
01:55:39.380 [main] INFO  api.test.UserTests - ****************User is Created****************
01:55:39.418 [main] INFO  api.test.UserTests - ****************Reading User Info****************
01:55:40.615 [main] INFO  api.test.UserTests - ****************User info is displayed****************
01:55:40.622 [main] INFO  api.test.UserTests - ****************Updating User Info****************
01:55:43.003 [main] INFO  api.test.UserTests - ****************User Info is Updated****************
01:55:43.013 [main] INFO  api.test.UserTests - ****************Deleting User Info****************
01:55:44.141 [main] INFO  api.test.UserTests - ****************User Info is Deleted****************
01:55:44.177 [main] INFO  api.test.UserTests2 - ****************Creating User****************
01:55:45.328 [main] INFO  api.test.UserTests2 - ****************User is Created****************
01:55:45.336 [main] INFO  api.test.UserTests2 - ****************Reading User Info****************
01:55:46.523 [main] INFO  api.test.UserTests2 - ****************User info is displayed****************
01:55:46.531 [main] INFO  api.test.UserTests2 - ****************Updating User Info****************
01:55:48.900 [main] INFO  api.test.UserTests2 - ****************User Info is Updated****************
01:55:48.909 [main] INFO  api.test.UserTests2 - ****************Deleting User Info****************
01:55:50.057 [main] INFO  api.test.UserTests2 - ****************User Info is Deleted****************
02:02:20.885 [main] INFO  api.test.UserTests - ****************Creating User****************
02:02:22.142 [main] INFO  api.test.UserTests - ****************User is Created****************
02:02:22.146 [main] INFO  api.test.UserTests - ****************Reading User Info****************
02:02:23.363 [main] INFO  api.test.UserTests - ****************User info is displayed****************
02:02:23.372 [main] INFO  api.test.UserTests - ****************Updating User Info****************
02:02:25.773 [main] INFO  api.test.UserTests - ****************User Info is Updated****************
02:02:25.779 [main] INFO  api.test.UserTests - ****************Deleting User Info****************
02:02:26.997 [main] INFO  api.test.UserTests - ****************User Info is Deleted****************
